<?xml version="1.0" encoding="UTF-8"?>
<testng-results skipped="0" failed="0" ignored="0" total="1" passed="1">
  <reporter-output>
  </reporter-output>
  <suite name="Default suite" duration-ms="14343" started-at="2020-04-01T14:39:24 IST" finished-at="2020-04-01T14:39:38 IST">
    <groups>
    </groups>
    <test name="Default test" duration-ms="14343" started-at="2020-04-01T14:39:24 IST" finished-at="2020-04-01T14:39:38 IST">
      <class name="crmProHomePageTest.LoginandDashboardValidation">
        <test-method status="PASS" signature="setupBrowser()[pri:0, instance:crmProHomePageTest.LoginandDashboardValidation@38364841]" name="setupBrowser" is-config="true" duration-ms="6701" started-at="2020-04-01T14:39:17 IST" finished-at="2020-04-01T14:39:24 IST">
          <reporter-output>
          </reporter-output>
        </test-method> <!-- setupBrowser -->
        <test-method status="PASS" signature="getURL()[pri:0, instance:crmProHomePageTest.LoginandDashboardValidation@38364841]" name="getURL" is-config="true" duration-ms="4716" started-at="2020-04-01T14:39:24 IST" finished-at="2020-04-01T14:39:29 IST">
          <reporter-output>
          </reporter-output>
        </test-method> <!-- getURL -->
        <test-method status="PASS" signature="login(java.lang.String, java.lang.String)[pri:0, instance:crmProHomePageTest.LoginandDashboardValidation@38364841]" name="login" duration-ms="8676" started-at="2020-04-01T14:39:29 IST" finished-at="2020-04-01T14:39:37 IST">
          <params>
            <param index="0">
              <value>
                <![CDATA[achakraborty83]]>
              </value>
            </param>
            <param index="1">
              <value>
                <![CDATA[Krishna@835@]]>
              </value>
            </param>
          </params>
          <reporter-output>
          </reporter-output>
        </test-method> <!-- login -->
        <test-method status="PASS" signature="quitBrowser()[pri:0, instance:crmProHomePageTest.LoginandDashboardValidation@38364841]" name="quitBrowser" is-config="true" duration-ms="870" started-at="2020-04-01T14:39:37 IST" finished-at="2020-04-01T14:39:38 IST">
          <reporter-output>
          </reporter-output>
        </test-method> <!-- quitBrowser -->
      </class> <!-- crmProHomePageTest.LoginandDashboardValidation -->
    </test> <!-- Default test -->
  </suite> <!-- Default suite -->
</testng-results>
