<?xml version="1.0" encoding="UTF-8"?>
<!-- Generated by org.testng.reporters.JUnitXMLReporter -->
<testsuite ignored="0" hostname="DESKTOP-PJ3QETV" failures="0" tests="4" name="Test" time="74.564" errors="0" timestamp="02 Apr 2021 08:41:59 GMT">
  <testcase classname="com.crmPro.Test.Home" name="getCount" time="0.087"/>
  <testcase classname="com.crmPro.Test.Login" name="login" time="0.541"/>
  <testcase classname="com.crmPro.Test.LoginAndHeaderMenu" name="login" time="1.674"/>
  <testcase classname="com.crmPro.Test.LoginAndHeaderMenu" name="getheaderMenuCount" time="20.059"/>
</testsuite> <!-- Test -->
