<?xml version="1.0" encoding="UTF-8"?>
<testsuite xmlns:xsi="http://www.w3.org/2001/XMLSchema-instance" xsi:noNamespaceSchemaLocation="https://maven.apache.org/surefire/maven-surefire-plugin/xsd/surefire-test-report.xsd" name="TestSuite" time="79.376" tests="4" errors="0" skipped="0" failures="0">
  <properties>
[...]
</properties>
  <testcase name="getCount" classname="com.crmPro.Test.Home" time="0.089"/>
  <testcase name="login" classname="com.crmPro.Test.Login" time="0.54"/>
  <testcase name="login" classname="com.crmPro.Test.LoginAndHeaderMenu" time="1.674"/>
  <testcase name="getheaderMenuCount" classname="com.crmPro.Test.LoginAndHeaderMenu" time="20.058"/>
</testsuite>